<?xml version="1.0" encoding="UTF-8"?>
<!-- Generated by org.testng.reporters.JUnitReportReporter -->
<testsuite hostname="shivanis-MacBook-Air.local" name="Scripts.Login" tests="1" failures="0" timestamp="14 Mar 2019 16:08:37 GMT" time="4.566" errors="0">
  <testcase name="testlogin" time="4.566" classname="Scripts.Login"/>
</testsuite> <!-- Scripts.Login -->
